Connecting to database specified by database.yml
  [1m[36m (0.3ms)[0m  [1mSELECT "schema_migrations"."version" FROM "schema_migrations" [0m
Migrating to CreateRecipes (20140501223708)
Migrating to CreateUsers (20140501225103)
  [1m[35m (0.2ms)[0m  BEGIN
  [1m[36m (9.2ms)[0m  [1mCREATE TABLE "users" ("id" serial primary key, "username" character varying(255), "email" character varying(255), "password_digest" character varying(255)) [0m
  [1m[35m (0.3ms)[0m  INSERT INTO "schema_migrations" ("version") VALUES ('20140501225103')
  [1m[36m (0.8ms)[0m  [1mCOMMIT[0m
  [1m[35m (0.2ms)[0m  SELECT "schema_migrations"."version" FROM "schema_migrations" 
Connecting to database specified by database.yml
  [1m[36m (0.3ms)[0m  [1mSELECT "schema_migrations"."version" FROM "schema_migrations" [0m
  [1m[35m (125.3ms)[0m  DROP DATABASE IF EXISTS "its_nacho_problem_test"
  [1m[36m (272.0ms)[0m  [1mCREATE DATABASE "its_nacho_problem_test" ENCODING = 'utf8'[0m
  [1m[35m (4.8ms)[0m  CREATE TABLE "recipes" ("id" serial primary key, "name" character varying(255), "img_url" character varying(255), "recipe_url" character varying(255), "components" text, "yummly_id" character varying(255)) 
  [1m[36m (3.0ms)[0m  [1mCREATE TABLE "users" ("id" serial primary key, "username" character varying(255), "email" character varying(255), "password_digest" character varying(255)) [0m
  [1m[35m (0.9ms)[0m  CREATE TABLE "schema_migrations" ("version" character varying(255) NOT NULL) 
  [1m[36m (1.2ms)[0m  [1mCREATE UNIQUE INDEX "unique_schema_migrations" ON "schema_migrations" ("version")[0m
  [1m[35m (0.3ms)[0m  SELECT version FROM "schema_migrations"
  [1m[36m (0.5ms)[0m  [1mINSERT INTO "schema_migrations" (version) VALUES ('20140501234553')[0m
  [1m[35m (0.4ms)[0m  INSERT INTO "schema_migrations" (version) VALUES ('20140501223708')
  [1m[36m (0.3ms)[0m  [1mINSERT INTO "schema_migrations" (version) VALUES ('20140501225103')[0m
