# Logfile created on 2014-05-01 16:20:46 -0700 by logger.rb/41954
I, [2014-05-01T16:20:46.119274 #86071]  INFO -- : 0:  rake (10.3.1) from /Users/ejcummins/.rvm/gems/ruby-2.0.0-p353/specifications/rake-10.3.1.gemspec
I, [2014-05-01T16:20:46.119852 #86071]  INFO -- : 0:  i18n (0.6.1) from /Users/ejcummins/.rvm/gems/ruby-2.0.0-p353/specifications/i18n-0.6.1.gemspec
I, [2014-05-01T16:20:46.120256 #86071]  INFO -- : 0:  multi_json (1.9.3) from /Users/ejcummins/.rvm/gems/ruby-2.0.0-p353/specifications/multi_json-1.9.3.gemspec
I, [2014-05-01T16:20:46.120650 #86071]  INFO -- : 0:  activesupport (3.2.13) from /Users/ejcummins/.rvm/gems/ruby-2.0.0-p353/specifications/activesupport-3.2.13.gemspec
I, [2014-05-01T16:20:46.121024 #86071]  INFO -- : 0:  builder (3.0.4) from /Users/ejcummins/.rvm/gems/ruby-2.0.0-p353/specifications/builder-3.0.4.gemspec
I, [2014-05-01T16:20:46.121402 #86071]  INFO -- : 0:  activemodel (3.2.13) from /Users/ejcummins/.rvm/gems/ruby-2.0.0-p353/specifications/activemodel-3.2.13.gemspec
I, [2014-05-01T16:20:46.121936 #86071]  INFO -- : 0:  erubis (2.7.0) from /Users/ejcummins/.rvm/gems/ruby-2.0.0-p353/specifications/erubis-2.7.0.gemspec
I, [2014-05-01T16:20:46.122500 #86071]  INFO -- : 0:  journey (1.0.4) from /Users/ejcummins/.rvm/gems/ruby-2.0.0-p353/specifications/journey-1.0.4.gemspec
I, [2014-05-01T16:20:46.123077 #86071]  INFO -- : 0:  rack (1.4.5) from /Users/ejcummins/.rvm/gems/ruby-2.0.0-p353/specifications/rack-1.4.5.gemspec
I, [2014-05-01T16:20:46.123636 #86071]  INFO -- : 0:  rack-cache (1.2) from /Users/ejcummins/.rvm/gems/ruby-2.0.0-p353/specifications/rack-cache-1.2.gemspec
I, [2014-05-01T16:20:46.124199 #86071]  INFO -- : 0:  rack-test (0.6.2) from /Users/ejcummins/.rvm/gems/ruby-2.0.0-p353/specifications/rack-test-0.6.2.gemspec
I, [2014-05-01T16:20:46.124672 #86071]  INFO -- : 0:  hike (1.2.3) from /Users/ejcummins/.rvm/gems/ruby-2.0.0-p353/specifications/hike-1.2.3.gemspec
I, [2014-05-01T16:20:46.125157 #86071]  INFO -- : 0:  tilt (1.4.1) from /Users/ejcummins/.rvm/gems/ruby-2.0.0-p353/specifications/tilt-1.4.1.gemspec
I, [2014-05-01T16:20:46.125633 #86071]  INFO -- : 0:  sprockets (2.2.2) from /Users/ejcummins/.rvm/gems/ruby-2.0.0-p353/specifications/sprockets-2.2.2.gemspec
I, [2014-05-01T16:20:46.126115 #86071]  INFO -- : 0:  actionpack (3.2.13) from /Users/ejcummins/.rvm/gems/ruby-2.0.0-p353/specifications/actionpack-3.2.13.gemspec
I, [2014-05-01T16:20:46.126608 #86071]  INFO -- : 0:  mime-types (1.25.1) from /Users/ejcummins/.rvm/gems/ruby-2.0.0-p353/specifications/mime-types-1.25.1.gemspec
I, [2014-05-01T16:20:46.127094 #86071]  INFO -- : 0:  polyglot (0.3.4) from /Users/ejcummins/.rvm/gems/ruby-2.0.0-p353/specifications/polyglot-0.3.4.gemspec
I, [2014-05-01T16:20:46.127570 #86071]  INFO -- : 0:  treetop (1.4.15) from /Users/ejcummins/.rvm/gems/ruby-2.0.0-p353/specifications/treetop-1.4.15.gemspec
I, [2014-05-01T16:20:46.128050 #86071]  INFO -- : 0:  mail (2.5.4) from /Users/ejcummins/.rvm/gems/ruby-2.0.0-p353/specifications/mail-2.5.4.gemspec
I, [2014-05-01T16:20:46.128546 #86071]  INFO -- : 0:  actionmailer (3.2.13) from /Users/ejcummins/.rvm/gems/ruby-2.0.0-p353/specifications/actionmailer-3.2.13.gemspec
I, [2014-05-01T16:20:46.129050 #86071]  INFO -- : 0:  arel (3.0.3) from /Users/ejcummins/.rvm/gems/ruby-2.0.0-p353/specifications/arel-3.0.3.gemspec
I, [2014-05-01T16:20:46.129777 #86071]  INFO -- : 0:  tzinfo (0.3.39) from /Users/ejcummins/.rvm/gems/ruby-2.0.0-p353/specifications/tzinfo-0.3.39.gemspec
I, [2014-05-01T16:20:46.130232 #86071]  INFO -- : 0:  activerecord (3.2.13) from /Users/ejcummins/.rvm/gems/ruby-2.0.0-p353/specifications/activerecord-3.2.13.gemspec
I, [2014-05-01T16:20:46.130667 #86071]  INFO -- : 0:  activeresource (3.2.13) from /Users/ejcummins/.rvm/gems/ruby-2.0.0-p353/specifications/activeresource-3.2.13.gemspec
I, [2014-05-01T16:20:46.131107 #86071]  INFO -- : 0:  bcrypt (3.1.7) from /Users/ejcummins/.rvm/gems/ruby-2.0.0-p353/specifications/bcrypt-3.1.7.gemspec
I, [2014-05-01T16:20:46.131551 #86071]  INFO -- : 0:  bundler (1.5.1) from /Users/ejcummins/.rvm/gems/ruby-2.0.0-p353@global/specifications/bundler-1.5.1.gemspec
I, [2014-05-01T16:20:46.131971 #86071]  INFO -- : 0:  mini_portile (0.5.3) from /Users/ejcummins/.rvm/gems/ruby-2.0.0-p353/specifications/mini_portile-0.5.3.gemspec
I, [2014-05-01T16:20:46.132368 #86071]  INFO -- : 0:  nokogiri (1.6.1) from /Users/ejcummins/.rvm/gems/ruby-2.0.0-p353/specifications/nokogiri-1.6.1.gemspec
I, [2014-05-01T16:20:46.132746 #86071]  INFO -- : 0:  xpath (2.0.0) from /Users/ejcummins/.rvm/gems/ruby-2.0.0-p353/specifications/xpath-2.0.0.gemspec
I, [2014-05-01T16:20:46.133132 #86071]  INFO -- : 0:  capybara (2.2.1) from /Users/ejcummins/.rvm/gems/ruby-2.0.0-p353/specifications/capybara-2.2.1.gemspec
I, [2014-05-01T16:20:46.133521 #86071]  INFO -- : 0:  ffi (1.9.3) from /Users/ejcummins/.rvm/gems/ruby-2.0.0-p353/specifications/ffi-1.9.3.gemspec
I, [2014-05-01T16:20:46.133910 #86071]  INFO -- : 0:  childprocess (0.5.3) from /Users/ejcummins/.rvm/gems/ruby-2.0.0-p353/specifications/childprocess-0.5.3.gemspec
I, [2014-05-01T16:20:46.134273 #86071]  INFO -- : 0:  coffee-script-source (1.7.0) from /Users/ejcummins/.rvm/gems/ruby-2.0.0-p353/specifications/coffee-script-source-1.7.0.gemspec
I, [2014-05-01T16:20:46.134625 #86071]  INFO -- : 0:  execjs (2.0.2) from /Users/ejcummins/.rvm/gems/ruby-2.0.0-p353/specifications/execjs-2.0.2.gemspec
I, [2014-05-01T16:20:46.135006 #86071]  INFO -- : 0:  coffee-script (2.2.0) from /Users/ejcummins/.rvm/gems/ruby-2.0.0-p353/specifications/coffee-script-2.2.0.gemspec
I, [2014-05-01T16:20:46.135399 #86071]  INFO -- : 0:  rack-ssl (1.3.4) from /Users/ejcummins/.rvm/gems/ruby-2.0.0-p353/specifications/rack-ssl-1.3.4.gemspec
I, [2014-05-01T16:20:46.135794 #86071]  INFO -- : 0:  json (1.8.1) from /Users/ejcummins/.rvm/gems/ruby-2.0.0-p353/specifications/json-1.8.1.gemspec
I, [2014-05-01T16:20:46.136191 #86071]  INFO -- : 0:  rdoc (3.12.2) from /Users/ejcummins/.rvm/gems/ruby-2.0.0-p353/specifications/rdoc-3.12.2.gemspec
I, [2014-05-01T16:20:46.136592 #86071]  INFO -- : 0:  thor (0.19.1) from /Users/ejcummins/.rvm/gems/ruby-2.0.0-p353/specifications/thor-0.19.1.gemspec
I, [2014-05-01T16:20:46.136984 #86071]  INFO -- : 0:  railties (3.2.13) from /Users/ejcummins/.rvm/gems/ruby-2.0.0-p353/specifications/railties-3.2.13.gemspec
I, [2014-05-01T16:20:46.137362 #86071]  INFO -- : 0:  coffee-rails (3.2.2) from /Users/ejcummins/.rvm/gems/ruby-2.0.0-p353/specifications/coffee-rails-3.2.2.gemspec
I, [2014-05-01T16:20:46.137751 #86071]  INFO -- : 0:  database_cleaner (1.2.0) from /Users/ejcummins/.rvm/gems/ruby-2.0.0-p353/specifications/database_cleaner-1.2.0.gemspec
I, [2014-05-01T16:20:46.138145 #86071]  INFO -- : 0:  diff-lcs (1.2.5) from /Users/ejcummins/.rvm/gems/ruby-2.0.0-p353/specifications/diff-lcs-1.2.5.gemspec
I, [2014-05-01T16:20:46.138518 #86071]  INFO -- : 0:  factory_girl (4.4.0) from /Users/ejcummins/.rvm/gems/ruby-2.0.0-p353/specifications/factory_girl-4.4.0.gemspec
I, [2014-05-01T16:20:46.138885 #86071]  INFO -- : 0:  factory_girl_rails (4.4.1) from /Users/ejcummins/.rvm/gems/ruby-2.0.0-p353/specifications/factory_girl_rails-4.4.1.gemspec
I, [2014-05-01T16:20:46.139244 #86071]  INFO -- : 0:  faker (1.3.0) from /Users/ejcummins/.rvm/gems/ruby-2.0.0-p353/specifications/faker-1.3.0.gemspec
I, [2014-05-01T16:20:46.139601 #86071]  INFO -- : 0:  jquery-rails (3.1.0) from /Users/ejcummins/.rvm/gems/ruby-2.0.0-p353/specifications/jquery-rails-3.1.0.gemspec
I, [2014-05-01T16:20:46.139989 #86071]  INFO -- : 0:  pg (0.17.1) from /Users/ejcummins/.rvm/gems/ruby-2.0.0-p353/specifications/pg-0.17.1.gemspec
I, [2014-05-01T16:20:46.140369 #86071]  INFO -- : 0:  rails (3.2.13) from /Users/ejcummins/.rvm/gems/ruby-2.0.0-p353/specifications/rails-3.2.13.gemspec
I, [2014-05-01T16:20:46.140741 #86071]  INFO -- : 0:  rspec-core (2.14.8) from /Users/ejcummins/.rvm/gems/ruby-2.0.0-p353/specifications/rspec-core-2.14.8.gemspec
I, [2014-05-01T16:20:46.141116 #86071]  INFO -- : 0:  rspec-expectations (2.14.5) from /Users/ejcummins/.rvm/gems/ruby-2.0.0-p353/specifications/rspec-expectations-2.14.5.gemspec
I, [2014-05-01T16:20:46.142142 #86071]  INFO -- : 0:  rspec-mocks (2.14.6) from /Users/ejcummins/.rvm/gems/ruby-2.0.0-p353/specifications/rspec-mocks-2.14.6.gemspec
I, [2014-05-01T16:20:46.142665 #86071]  INFO -- : 0:  rspec-rails (2.14.2) from /Users/ejcummins/.rvm/gems/ruby-2.0.0-p353/specifications/rspec-rails-2.14.2.gemspec
I, [2014-05-01T16:20:46.143041 #86071]  INFO -- : 0:  rubyzip (1.1.3) from /Users/ejcummins/.rvm/gems/ruby-2.0.0-p353/specifications/rubyzip-1.1.3.gemspec
I, [2014-05-01T16:20:46.143466 #86071]  INFO -- : 0:  sass (3.3.6) from /Users/ejcummins/.rvm/gems/ruby-2.0.0-p353/specifications/sass-3.3.6.gemspec
I, [2014-05-01T16:20:46.143818 #86071]  INFO -- : 0:  sass-rails (3.2.6) from /Users/ejcummins/.rvm/gems/ruby-2.0.0-p353/specifications/sass-rails-3.2.6.gemspec
I, [2014-05-01T16:20:46.144165 #86071]  INFO -- : 0:  websocket (1.0.7) from /Users/ejcummins/.rvm/gems/ruby-2.0.0-p353/specifications/websocket-1.0.7.gemspec
I, [2014-05-01T16:20:46.144522 #86071]  INFO -- : 0:  selenium-webdriver (2.41.0) from /Users/ejcummins/.rvm/gems/ruby-2.0.0-p353/specifications/selenium-webdriver-2.41.0.gemspec
I, [2014-05-01T16:20:46.144940 #86071]  INFO -- : 0:  shoulda-matchers (2.6.0) from /Users/ejcummins/.rvm/gems/ruby-2.0.0-p353/specifications/shoulda-matchers-2.6.0.gemspec
I, [2014-05-01T16:20:46.145303 #86071]  INFO -- : 0:  uglifier (2.5.0) from /Users/ejcummins/.rvm/gems/ruby-2.0.0-p353/specifications/uglifier-2.5.0.gemspec
I, [2014-05-01T16:21:48.647713 #86089]  INFO -- : 0:  rake (10.3.1) from /Users/ejcummins/.rvm/gems/ruby-2.0.0-p353/specifications/rake-10.3.1.gemspec
I, [2014-05-01T16:21:48.648415 #86089]  INFO -- : 0:  i18n (0.6.1) from /Users/ejcummins/.rvm/gems/ruby-2.0.0-p353/specifications/i18n-0.6.1.gemspec
I, [2014-05-01T16:21:48.648839 #86089]  INFO -- : 0:  multi_json (1.9.3) from /Users/ejcummins/.rvm/gems/ruby-2.0.0-p353/specifications/multi_json-1.9.3.gemspec
I, [2014-05-01T16:21:48.649258 #86089]  INFO -- : 0:  activesupport (3.2.13) from /Users/ejcummins/.rvm/gems/ruby-2.0.0-p353/specifications/activesupport-3.2.13.gemspec
I, [2014-05-01T16:21:48.649671 #86089]  INFO -- : 0:  builder (3.0.4) from /Users/ejcummins/.rvm/gems/ruby-2.0.0-p353/specifications/builder-3.0.4.gemspec
I, [2014-05-01T16:21:48.650225 #86089]  INFO -- : 0:  activemodel (3.2.13) from /Users/ejcummins/.rvm/gems/ruby-2.0.0-p353/specifications/activemodel-3.2.13.gemspec
I, [2014-05-01T16:21:48.650759 #86089]  INFO -- : 0:  erubis (2.7.0) from /Users/ejcummins/.rvm/gems/ruby-2.0.0-p353/specifications/erubis-2.7.0.gemspec
I, [2014-05-01T16:21:48.651340 #86089]  INFO -- : 0:  journey (1.0.4) from /Users/ejcummins/.rvm/gems/ruby-2.0.0-p353/specifications/journey-1.0.4.gemspec
I, [2014-05-01T16:21:48.651787 #86089]  INFO -- : 0:  rack (1.4.5) from /Users/ejcummins/.rvm/gems/ruby-2.0.0-p353/specifications/rack-1.4.5.gemspec
I, [2014-05-01T16:21:48.652206 #86089]  INFO -- : 0:  rack-cache (1.2) from /Users/ejcummins/.rvm/gems/ruby-2.0.0-p353/specifications/rack-cache-1.2.gemspec
I, [2014-05-01T16:21:48.652651 #86089]  INFO -- : 0:  rack-test (0.6.2) from /Users/ejcummins/.rvm/gems/ruby-2.0.0-p353/specifications/rack-test-0.6.2.gemspec
I, [2014-05-01T16:21:48.653084 #86089]  INFO -- : 0:  hike (1.2.3) from /Users/ejcummins/.rvm/gems/ruby-2.0.0-p353/specifications/hike-1.2.3.gemspec
I, [2014-05-01T16:21:48.653524 #86089]  INFO -- : 0:  tilt (1.4.1) from /Users/ejcummins/.rvm/gems/ruby-2.0.0-p353/specifications/tilt-1.4.1.gemspec
I, [2014-05-01T16:21:48.653936 #86089]  INFO -- : 0:  sprockets (2.2.2) from /Users/ejcummins/.rvm/gems/ruby-2.0.0-p353/specifications/sprockets-2.2.2.gemspec
I, [2014-05-01T16:21:48.654373 #86089]  INFO -- : 0:  actionpack (3.2.13) from /Users/ejcummins/.rvm/gems/ruby-2.0.0-p353/specifications/actionpack-3.2.13.gemspec
I, [2014-05-01T16:21:48.654819 #86089]  INFO -- : 0:  mime-types (1.25.1) from /Users/ejcummins/.rvm/gems/ruby-2.0.0-p353/specifications/mime-types-1.25.1.gemspec
I, [2014-05-01T16:21:48.655242 #86089]  INFO -- : 0:  polyglot (0.3.4) from /Users/ejcummins/.rvm/gems/ruby-2.0.0-p353/specifications/polyglot-0.3.4.gemspec
I, [2014-05-01T16:21:48.655699 #86089]  INFO -- : 0:  treetop (1.4.15) from /Users/ejcummins/.rvm/gems/ruby-2.0.0-p353/specifications/treetop-1.4.15.gemspec
I, [2014-05-01T16:21:48.656128 #86089]  INFO -- : 0:  mail (2.5.4) from /Users/ejcummins/.rvm/gems/ruby-2.0.0-p353/specifications/mail-2.5.4.gemspec
I, [2014-05-01T16:21:48.656542 #86089]  INFO -- : 0:  actionmailer (3.2.13) from /Users/ejcummins/.rvm/gems/ruby-2.0.0-p353/specifications/actionmailer-3.2.13.gemspec
I, [2014-05-01T16:21:48.656980 #86089]  INFO -- : 0:  arel (3.0.3) from /Users/ejcummins/.rvm/gems/ruby-2.0.0-p353/specifications/arel-3.0.3.gemspec
I, [2014-05-01T16:21:48.657421 #86089]  INFO -- : 0:  tzinfo (0.3.39) from /Users/ejcummins/.rvm/gems/ruby-2.0.0-p353/specifications/tzinfo-0.3.39.gemspec
I, [2014-05-01T16:21:48.657861 #86089]  INFO -- : 0:  activerecord (3.2.13) from /Users/ejcummins/.rvm/gems/ruby-2.0.0-p353/specifications/activerecord-3.2.13.gemspec
I, [2014-05-01T16:21:48.658290 #86089]  INFO -- : 0:  activeresource (3.2.13) from /Users/ejcummins/.rvm/gems/ruby-2.0.0-p353/specifications/activeresource-3.2.13.gemspec
I, [2014-05-01T16:21:48.658716 #86089]  INFO -- : 0:  bcrypt (3.1.7) from /Users/ejcummins/.rvm/gems/ruby-2.0.0-p353/specifications/bcrypt-3.1.7.gemspec
I, [2014-05-01T16:21:48.659160 #86089]  INFO -- : 0:  bcrypt-ruby (3.1.5) from /Users/ejcummins/.rvm/gems/ruby-2.0.0-p353/specifications/bcrypt-ruby-3.1.5.gemspec
I, [2014-05-01T16:21:48.659574 #86089]  INFO -- : 0:  bundler (1.5.1) from /Users/ejcummins/.rvm/gems/ruby-2.0.0-p353@global/specifications/bundler-1.5.1.gemspec
I, [2014-05-01T16:21:48.659984 #86089]  INFO -- : 0:  mini_portile (0.5.3) from /Users/ejcummins/.rvm/gems/ruby-2.0.0-p353/specifications/mini_portile-0.5.3.gemspec
I, [2014-05-01T16:21:48.660399 #86089]  INFO -- : 0:  nokogiri (1.6.1) from /Users/ejcummins/.rvm/gems/ruby-2.0.0-p353/specifications/nokogiri-1.6.1.gemspec
I, [2014-05-01T16:21:48.660806 #86089]  INFO -- : 0:  xpath (2.0.0) from /Users/ejcummins/.rvm/gems/ruby-2.0.0-p353/specifications/xpath-2.0.0.gemspec
I, [2014-05-01T16:21:48.661218 #86089]  INFO -- : 0:  capybara (2.2.1) from /Users/ejcummins/.rvm/gems/ruby-2.0.0-p353/specifications/capybara-2.2.1.gemspec
I, [2014-05-01T16:21:48.661644 #86089]  INFO -- : 0:  ffi (1.9.3) from /Users/ejcummins/.rvm/gems/ruby-2.0.0-p353/specifications/ffi-1.9.3.gemspec
I, [2014-05-01T16:21:48.662061 #86089]  INFO -- : 0:  childprocess (0.5.3) from /Users/ejcummins/.rvm/gems/ruby-2.0.0-p353/specifications/childprocess-0.5.3.gemspec
I, [2014-05-01T16:21:48.662517 #86089]  INFO -- : 0:  coffee-script-source (1.7.0) from /Users/ejcummins/.rvm/gems/ruby-2.0.0-p353/specifications/coffee-script-source-1.7.0.gemspec
I, [2014-05-01T16:21:48.662932 #86089]  INFO -- : 0:  execjs (2.0.2) from /Users/ejcummins/.rvm/gems/ruby-2.0.0-p353/specifications/execjs-2.0.2.gemspec
I, [2014-05-01T16:21:48.663351 #86089]  INFO -- : 0:  coffee-script (2.2.0) from /Users/ejcummins/.rvm/gems/ruby-2.0.0-p353/specifications/coffee-script-2.2.0.gemspec
I, [2014-05-01T16:21:48.663775 #86089]  INFO -- : 0:  rack-ssl (1.3.4) from /Users/ejcummins/.rvm/gems/ruby-2.0.0-p353/specifications/rack-ssl-1.3.4.gemspec
I, [2014-05-01T16:21:48.664205 #86089]  INFO -- : 0:  json (1.8.1) from /Users/ejcummins/.rvm/gems/ruby-2.0.0-p353/specifications/json-1.8.1.gemspec
I, [2014-05-01T16:21:48.664617 #86089]  INFO -- : 0:  rdoc (3.12.2) from /Users/ejcummins/.rvm/gems/ruby-2.0.0-p353/specifications/rdoc-3.12.2.gemspec
I, [2014-05-01T16:21:48.665070 #86089]  INFO -- : 0:  thor (0.19.1) from /Users/ejcummins/.rvm/gems/ruby-2.0.0-p353/specifications/thor-0.19.1.gemspec
I, [2014-05-01T16:21:48.665526 #86089]  INFO -- : 0:  railties (3.2.13) from /Users/ejcummins/.rvm/gems/ruby-2.0.0-p353/specifications/railties-3.2.13.gemspec
I, [2014-05-01T16:21:48.666021 #86089]  INFO -- : 0:  coffee-rails (3.2.2) from /Users/ejcummins/.rvm/gems/ruby-2.0.0-p353/specifications/coffee-rails-3.2.2.gemspec
I, [2014-05-01T16:21:48.666526 #86089]  INFO -- : 0:  database_cleaner (1.2.0) from /Users/ejcummins/.rvm/gems/ruby-2.0.0-p353/specifications/database_cleaner-1.2.0.gemspec
I, [2014-05-01T16:21:48.667075 #86089]  INFO -- : 0:  diff-lcs (1.2.5) from /Users/ejcummins/.rvm/gems/ruby-2.0.0-p353/specifications/diff-lcs-1.2.5.gemspec
I, [2014-05-01T16:21:48.667524 #86089]  INFO -- : 0:  factory_girl (4.4.0) from /Users/ejcummins/.rvm/gems/ruby-2.0.0-p353/specifications/factory_girl-4.4.0.gemspec
I, [2014-05-01T16:21:48.667992 #86089]  INFO -- : 0:  factory_girl_rails (4.4.1) from /Users/ejcummins/.rvm/gems/ruby-2.0.0-p353/specifications/factory_girl_rails-4.4.1.gemspec
I, [2014-05-01T16:21:48.668458 #86089]  INFO -- : 0:  faker (1.3.0) from /Users/ejcummins/.rvm/gems/ruby-2.0.0-p353/specifications/faker-1.3.0.gemspec
I, [2014-05-01T16:21:48.668912 #86089]  INFO -- : 0:  jquery-rails (3.1.0) from /Users/ejcummins/.rvm/gems/ruby-2.0.0-p353/specifications/jquery-rails-3.1.0.gemspec
I, [2014-05-01T16:21:48.669373 #86089]  INFO -- : 0:  pg (0.17.1) from /Users/ejcummins/.rvm/gems/ruby-2.0.0-p353/specifications/pg-0.17.1.gemspec
I, [2014-05-01T16:21:48.669862 #86089]  INFO -- : 0:  rails (3.2.13) from /Users/ejcummins/.rvm/gems/ruby-2.0.0-p353/specifications/rails-3.2.13.gemspec
I, [2014-05-01T16:21:48.670386 #86089]  INFO -- : 0:  rspec-core (2.14.8) from /Users/ejcummins/.rvm/gems/ruby-2.0.0-p353/specifications/rspec-core-2.14.8.gemspec
I, [2014-05-01T16:21:48.670863 #86089]  INFO -- : 0:  rspec-expectations (2.14.5) from /Users/ejcummins/.rvm/gems/ruby-2.0.0-p353/specifications/rspec-expectations-2.14.5.gemspec
I, [2014-05-01T16:21:48.671343 #86089]  INFO -- : 0:  rspec-mocks (2.14.6) from /Users/ejcummins/.rvm/gems/ruby-2.0.0-p353/specifications/rspec-mocks-2.14.6.gemspec
I, [2014-05-01T16:21:48.671822 #86089]  INFO -- : 0:  rspec-rails (2.14.2) from /Users/ejcummins/.rvm/gems/ruby-2.0.0-p353/specifications/rspec-rails-2.14.2.gemspec
I, [2014-05-01T16:21:48.672340 #86089]  INFO -- : 0:  rubyzip (1.1.3) from /Users/ejcummins/.rvm/gems/ruby-2.0.0-p353/specifications/rubyzip-1.1.3.gemspec
I, [2014-05-01T16:21:48.672823 #86089]  INFO -- : 0:  sass (3.3.6) from /Users/ejcummins/.rvm/gems/ruby-2.0.0-p353/specifications/sass-3.3.6.gemspec
I, [2014-05-01T16:21:48.673297 #86089]  INFO -- : 0:  sass-rails (3.2.6) from /Users/ejcummins/.rvm/gems/ruby-2.0.0-p353/specifications/sass-rails-3.2.6.gemspec
I, [2014-05-01T16:21:48.673776 #86089]  INFO -- : 0:  websocket (1.0.7) from /Users/ejcummins/.rvm/gems/ruby-2.0.0-p353/specifications/websocket-1.0.7.gemspec
I, [2014-05-01T16:21:48.674267 #86089]  INFO -- : 0:  selenium-webdriver (2.41.0) from /Users/ejcummins/.rvm/gems/ruby-2.0.0-p353/specifications/selenium-webdriver-2.41.0.gemspec
I, [2014-05-01T16:21:49.665912 #86089]  INFO -- : 0:  shoulda-matchers (2.6.1) from /Users/ejcummins/.rvm/gems/ruby-2.0.0-p353/specifications/shoulda-matchers-2.6.1.gemspec
I, [2014-05-01T16:21:49.666575 #86089]  INFO -- : 0:  uglifier (2.5.0) from /Users/ejcummins/.rvm/gems/ruby-2.0.0-p353/specifications/uglifier-2.5.0.gemspec
I, [2014-05-01T16:23:40.433683 #86125]  INFO -- : 0:  rake (10.3.1) from /Users/ejcummins/.rvm/gems/ruby-2.0.0-p353/specifications/rake-10.3.1.gemspec
I, [2014-05-01T16:23:40.434315 #86125]  INFO -- : 0:  i18n (0.6.1) from /Users/ejcummins/.rvm/gems/ruby-2.0.0-p353/specifications/i18n-0.6.1.gemspec
I, [2014-05-01T16:23:40.434752 #86125]  INFO -- : 0:  multi_json (1.9.3) from /Users/ejcummins/.rvm/gems/ruby-2.0.0-p353/specifications/multi_json-1.9.3.gemspec
I, [2014-05-01T16:23:40.435175 #86125]  INFO -- : 0:  activesupport (3.2.13) from /Users/ejcummins/.rvm/gems/ruby-2.0.0-p353/specifications/activesupport-3.2.13.gemspec
I, [2014-05-01T16:23:40.435546 #86125]  INFO -- : 0:  builder (3.0.4) from /Users/ejcummins/.rvm/gems/ruby-2.0.0-p353/specifications/builder-3.0.4.gemspec
I, [2014-05-01T16:23:40.435935 #86125]  INFO -- : 0:  activemodel (3.2.13) from /Users/ejcummins/.rvm/gems/ruby-2.0.0-p353/specifications/activemodel-3.2.13.gemspec
I, [2014-05-01T16:23:40.436341 #86125]  INFO -- : 0:  erubis (2.7.0) from /Users/ejcummins/.rvm/gems/ruby-2.0.0-p353/specifications/erubis-2.7.0.gemspec
I, [2014-05-01T16:23:40.436709 #86125]  INFO -- : 0:  journey (1.0.4) from /Users/ejcummins/.rvm/gems/ruby-2.0.0-p353/specifications/journey-1.0.4.gemspec
I, [2014-05-01T16:23:40.437142 #86125]  INFO -- : 0:  rack (1.4.5) from /Users/ejcummins/.rvm/gems/ruby-2.0.0-p353/specifications/rack-1.4.5.gemspec
I, [2014-05-01T16:23:40.437529 #86125]  INFO -- : 0:  rack-cache (1.2) from /Users/ejcummins/.rvm/gems/ruby-2.0.0-p353/specifications/rack-cache-1.2.gemspec
I, [2014-05-01T16:23:40.437914 #86125]  INFO -- : 0:  rack-test (0.6.2) from /Users/ejcummins/.rvm/gems/ruby-2.0.0-p353/specifications/rack-test-0.6.2.gemspec
I, [2014-05-01T16:23:40.438302 #86125]  INFO -- : 0:  hike (1.2.3) from /Users/ejcummins/.rvm/gems/ruby-2.0.0-p353/specifications/hike-1.2.3.gemspec
I, [2014-05-01T16:23:40.438674 #86125]  INFO -- : 0:  tilt (1.4.1) from /Users/ejcummins/.rvm/gems/ruby-2.0.0-p353/specifications/tilt-1.4.1.gemspec
I, [2014-05-01T16:23:40.439053 #86125]  INFO -- : 0:  sprockets (2.2.2) from /Users/ejcummins/.rvm/gems/ruby-2.0.0-p353/specifications/sprockets-2.2.2.gemspec
I, [2014-05-01T16:23:40.439436 #86125]  INFO -- : 0:  actionpack (3.2.13) from /Users/ejcummins/.rvm/gems/ruby-2.0.0-p353/specifications/actionpack-3.2.13.gemspec
I, [2014-05-01T16:23:40.439810 #86125]  INFO -- : 0:  mime-types (1.25.1) from /Users/ejcummins/.rvm/gems/ruby-2.0.0-p353/specifications/mime-types-1.25.1.gemspec
I, [2014-05-01T16:23:40.440209 #86125]  INFO -- : 0:  polyglot (0.3.4) from /Users/ejcummins/.rvm/gems/ruby-2.0.0-p353/specifications/polyglot-0.3.4.gemspec
I, [2014-05-01T16:23:40.440584 #86125]  INFO -- : 0:  treetop (1.4.15) from /Users/ejcummins/.rvm/gems/ruby-2.0.0-p353/specifications/treetop-1.4.15.gemspec
I, [2014-05-01T16:23:40.440954 #86125]  INFO -- : 0:  mail (2.5.4) from /Users/ejcummins/.rvm/gems/ruby-2.0.0-p353/specifications/mail-2.5.4.gemspec
I, [2014-05-01T16:23:40.441342 #86125]  INFO -- : 0:  actionmailer (3.2.13) from /Users/ejcummins/.rvm/gems/ruby-2.0.0-p353/specifications/actionmailer-3.2.13.gemspec
I, [2014-05-01T16:23:40.441780 #86125]  INFO -- : 0:  arel (3.0.3) from /Users/ejcummins/.rvm/gems/ruby-2.0.0-p353/specifications/arel-3.0.3.gemspec
I, [2014-05-01T16:23:40.442272 #86125]  INFO -- : 0:  tzinfo (0.3.39) from /Users/ejcummins/.rvm/gems/ruby-2.0.0-p353/specifications/tzinfo-0.3.39.gemspec
I, [2014-05-01T16:23:40.442769 #86125]  INFO -- : 0:  activerecord (3.2.13) from /Users/ejcummins/.rvm/gems/ruby-2.0.0-p353/specifications/activerecord-3.2.13.gemspec
I, [2014-05-01T16:23:40.443246 #86125]  INFO -- : 0:  activeresource (3.2.13) from /Users/ejcummins/.rvm/gems/ruby-2.0.0-p353/specifications/activeresource-3.2.13.gemspec
I, [2014-05-01T16:23:40.443741 #86125]  INFO -- : 0:  bcrypt (3.1.7) from /Users/ejcummins/.rvm/gems/ruby-2.0.0-p353/specifications/bcrypt-3.1.7.gemspec
I, [2014-05-01T16:23:40.444292 #86125]  INFO -- : 0:  bcrypt-ruby (3.1.5) from /Users/ejcummins/.rvm/gems/ruby-2.0.0-p353/specifications/bcrypt-ruby-3.1.5.gemspec
I, [2014-05-01T16:23:40.444721 #86125]  INFO -- : 0:  mini_portile (0.5.3) from /Users/ejcummins/.rvm/gems/ruby-2.0.0-p353/specifications/mini_portile-0.5.3.gemspec
I, [2014-05-01T16:23:40.445116 #86125]  INFO -- : 0:  nokogiri (1.6.1) from /Users/ejcummins/.rvm/gems/ruby-2.0.0-p353/specifications/nokogiri-1.6.1.gemspec
I, [2014-05-01T16:23:40.445495 #86125]  INFO -- : 0:  xpath (2.0.0) from /Users/ejcummins/.rvm/gems/ruby-2.0.0-p353/specifications/xpath-2.0.0.gemspec
I, [2014-05-01T16:23:40.445895 #86125]  INFO -- : 0:  capybara (2.2.1) from /Users/ejcummins/.rvm/gems/ruby-2.0.0-p353/specifications/capybara-2.2.1.gemspec
I, [2014-05-01T16:23:40.446280 #86125]  INFO -- : 0:  ffi (1.9.3) from /Users/ejcummins/.rvm/gems/ruby-2.0.0-p353/specifications/ffi-1.9.3.gemspec
I, [2014-05-01T16:23:40.446667 #86125]  INFO -- : 0:  childprocess (0.5.3) from /Users/ejcummins/.rvm/gems/ruby-2.0.0-p353/specifications/childprocess-0.5.3.gemspec
I, [2014-05-01T16:23:40.447052 #86125]  INFO -- : 0:  coffee-script-source (1.7.0) from /Users/ejcummins/.rvm/gems/ruby-2.0.0-p353/specifications/coffee-script-source-1.7.0.gemspec
I, [2014-05-01T16:23:40.447421 #86125]  INFO -- : 0:  execjs (2.0.2) from /Users/ejcummins/.rvm/gems/ruby-2.0.0-p353/specifications/execjs-2.0.2.gemspec
I, [2014-05-01T16:23:40.447820 #86125]  INFO -- : 0:  coffee-script (2.2.0) from /Users/ejcummins/.rvm/gems/ruby-2.0.0-p353/specifications/coffee-script-2.2.0.gemspec
I, [2014-05-01T16:23:40.448207 #86125]  INFO -- : 0:  rack-ssl (1.3.4) from /Users/ejcummins/.rvm/gems/ruby-2.0.0-p353/specifications/rack-ssl-1.3.4.gemspec
I, [2014-05-01T16:23:40.448584 #86125]  INFO -- : 0:  json (1.8.1) from /Users/ejcummins/.rvm/gems/ruby-2.0.0-p353/specifications/json-1.8.1.gemspec
I, [2014-05-01T16:23:40.448966 #86125]  INFO -- : 0:  rdoc (3.12.2) from /Users/ejcummins/.rvm/gems/ruby-2.0.0-p353/specifications/rdoc-3.12.2.gemspec
I, [2014-05-01T16:23:40.449365 #86125]  INFO -- : 0:  thor (0.19.1) from /Users/ejcummins/.rvm/gems/ruby-2.0.0-p353/specifications/thor-0.19.1.gemspec
I, [2014-05-01T16:23:40.449768 #86125]  INFO -- : 0:  railties (3.2.13) from /Users/ejcummins/.rvm/gems/ruby-2.0.0-p353/specifications/railties-3.2.13.gemspec
I, [2014-05-01T16:23:40.450169 #86125]  INFO -- : 0:  coffee-rails (3.2.2) from /Users/ejcummins/.rvm/gems/ruby-2.0.0-p353/specifications/coffee-rails-3.2.2.gemspec
I, [2014-05-01T16:23:40.450554 #86125]  INFO -- : 0:  database_cleaner (1.2.0) from /Users/ejcummins/.rvm/gems/ruby-2.0.0-p353/specifications/database_cleaner-1.2.0.gemspec
I, [2014-05-01T16:23:40.450966 #86125]  INFO -- : 0:  diff-lcs (1.2.5) from /Users/ejcummins/.rvm/gems/ruby-2.0.0-p353/specifications/diff-lcs-1.2.5.gemspec
I, [2014-05-01T16:23:40.451375 #86125]  INFO -- : 0:  factory_girl (4.4.0) from /Users/ejcummins/.rvm/gems/ruby-2.0.0-p353/specifications/factory_girl-4.4.0.gemspec
I, [2014-05-01T16:23:40.451760 #86125]  INFO -- : 0:  factory_girl_rails (4.4.1) from /Users/ejcummins/.rvm/gems/ruby-2.0.0-p353/specifications/factory_girl_rails-4.4.1.gemspec
I, [2014-05-01T16:23:40.452162 #86125]  INFO -- : 0:  faker (1.3.0) from /Users/ejcummins/.rvm/gems/ruby-2.0.0-p353/specifications/faker-1.3.0.gemspec
I, [2014-05-01T16:23:40.452586 #86125]  INFO -- : 0:  jquery-rails (3.1.0) from /Users/ejcummins/.rvm/gems/ruby-2.0.0-p353/specifications/jquery-rails-3.1.0.gemspec
I, [2014-05-01T16:23:40.452988 #86125]  INFO -- : 0:  pg (0.17.1) from /Users/ejcummins/.rvm/gems/ruby-2.0.0-p353/specifications/pg-0.17.1.gemspec
I, [2014-05-01T16:23:40.453354 #86125]  INFO -- : 0:  bundler (1.5.1) from /Users/ejcummins/.rvm/gems/ruby-2.0.0-p353@global/specifications/bundler-1.5.1.gemspec
I, [2014-05-01T16:23:40.453757 #86125]  INFO -- : 0:  rails (3.2.13) from /Users/ejcummins/.rvm/gems/ruby-2.0.0-p353/specifications/rails-3.2.13.gemspec
I, [2014-05-01T16:23:40.464665 #86125]  INFO -- : 0:  rspec-core (2.14.8) from /Users/ejcummins/.rvm/gems/ruby-2.0.0-p353/specifications/rspec-core-2.14.8.gemspec
I, [2014-05-01T16:23:40.465224 #86125]  INFO -- : 0:  rspec-expectations (2.14.5) from /Users/ejcummins/.rvm/gems/ruby-2.0.0-p353/specifications/rspec-expectations-2.14.5.gemspec
I, [2014-05-01T16:23:40.465655 #86125]  INFO -- : 0:  rspec-mocks (2.14.6) from /Users/ejcummins/.rvm/gems/ruby-2.0.0-p353/specifications/rspec-mocks-2.14.6.gemspec
I, [2014-05-01T16:23:40.466026 #86125]  INFO -- : 0:  rspec-rails (2.14.2) from /Users/ejcummins/.rvm/gems/ruby-2.0.0-p353/specifications/rspec-rails-2.14.2.gemspec
I, [2014-05-01T16:23:40.466387 #86125]  INFO -- : 0:  rubyzip (1.1.3) from /Users/ejcummins/.rvm/gems/ruby-2.0.0-p353/specifications/rubyzip-1.1.3.gemspec
I, [2014-05-01T16:23:40.466785 #86125]  INFO -- : 0:  sass (3.3.6) from /Users/ejcummins/.rvm/gems/ruby-2.0.0-p353/specifications/sass-3.3.6.gemspec
I, [2014-05-01T16:23:40.467193 #86125]  INFO -- : 0:  sass-rails (3.2.6) from /Users/ejcummins/.rvm/gems/ruby-2.0.0-p353/specifications/sass-rails-3.2.6.gemspec
I, [2014-05-01T16:23:40.467569 #86125]  INFO -- : 0:  websocket (1.0.7) from /Users/ejcummins/.rvm/gems/ruby-2.0.0-p353/specifications/websocket-1.0.7.gemspec
I, [2014-05-01T16:23:40.467969 #86125]  INFO -- : 0:  selenium-webdriver (2.41.0) from /Users/ejcummins/.rvm/gems/ruby-2.0.0-p353/specifications/selenium-webdriver-2.41.0.gemspec
I, [2014-05-01T16:23:40.468385 #86125]  INFO -- : 0:  shoulda-matchers (2.6.1) from /Users/ejcummins/.rvm/gems/ruby-2.0.0-p353/specifications/shoulda-matchers-2.6.1.gemspec
I, [2014-05-01T16:23:40.469244 #86125]  INFO -- : 0:  uglifier (2.5.0) from /Users/ejcummins/.rvm/gems/ruby-2.0.0-p353/specifications/uglifier-2.5.0.gemspec
I, [2014-05-01T16:26:54.228823 #86178]  INFO -- : 0:  rake (10.3.1) from /Users/ejcummins/.rvm/gems/ruby-2.0.0-p353/specifications/rake-10.3.1.gemspec
I, [2014-05-01T16:26:54.229529 #86178]  INFO -- : 0:  i18n (0.6.1) from /Users/ejcummins/.rvm/gems/ruby-2.0.0-p353/specifications/i18n-0.6.1.gemspec
I, [2014-05-01T16:26:54.230091 #86178]  INFO -- : 0:  multi_json (1.9.3) from /Users/ejcummins/.rvm/gems/ruby-2.0.0-p353/specifications/multi_json-1.9.3.gemspec
I, [2014-05-01T16:26:54.230518 #86178]  INFO -- : 0:  activesupport (3.2.13) from /Users/ejcummins/.rvm/gems/ruby-2.0.0-p353/specifications/activesupport-3.2.13.gemspec
I, [2014-05-01T16:26:54.230927 #86178]  INFO -- : 0:  builder (3.0.4) from /Users/ejcummins/.rvm/gems/ruby-2.0.0-p353/specifications/builder-3.0.4.gemspec
I, [2014-05-01T16:26:54.231342 #86178]  INFO -- : 0:  activemodel (3.2.13) from /Users/ejcummins/.rvm/gems/ruby-2.0.0-p353/specifications/activemodel-3.2.13.gemspec
I, [2014-05-01T16:26:54.231731 #86178]  INFO -- : 0:  erubis (2.7.0) from /Users/ejcummins/.rvm/gems/ruby-2.0.0-p353/specifications/erubis-2.7.0.gemspec
I, [2014-05-01T16:26:54.232124 #86178]  INFO -- : 0:  journey (1.0.4) from /Users/ejcummins/.rvm/gems/ruby-2.0.0-p353/specifications/journey-1.0.4.gemspec
I, [2014-05-01T16:26:54.232523 #86178]  INFO -- : 0:  rack (1.4.5) from /Users/ejcummins/.rvm/gems/ruby-2.0.0-p353/specifications/rack-1.4.5.gemspec
I, [2014-05-01T16:26:54.232920 #86178]  INFO -- : 0:  rack-cache (1.2) from /Users/ejcummins/.rvm/gems/ruby-2.0.0-p353/specifications/rack-cache-1.2.gemspec
I, [2014-05-01T16:26:54.233311 #86178]  INFO -- : 0:  rack-test (0.6.2) from /Users/ejcummins/.rvm/gems/ruby-2.0.0-p353/specifications/rack-test-0.6.2.gemspec
I, [2014-05-01T16:26:54.233703 #86178]  INFO -- : 0:  hike (1.2.3) from /Users/ejcummins/.rvm/gems/ruby-2.0.0-p353/specifications/hike-1.2.3.gemspec
I, [2014-05-01T16:26:54.234107 #86178]  INFO -- : 0:  tilt (1.4.1) from /Users/ejcummins/.rvm/gems/ruby-2.0.0-p353/specifications/tilt-1.4.1.gemspec
I, [2014-05-01T16:26:54.234499 #86178]  INFO -- : 0:  sprockets (2.2.2) from /Users/ejcummins/.rvm/gems/ruby-2.0.0-p353/specifications/sprockets-2.2.2.gemspec
I, [2014-05-01T16:26:54.234902 #86178]  INFO -- : 0:  actionpack (3.2.13) from /Users/ejcummins/.rvm/gems/ruby-2.0.0-p353/specifications/actionpack-3.2.13.gemspec
I, [2014-05-01T16:26:54.235313 #86178]  INFO -- : 0:  mime-types (1.25.1) from /Users/ejcummins/.rvm/gems/ruby-2.0.0-p353/specifications/mime-types-1.25.1.gemspec
I, [2014-05-01T16:26:54.235872 #86178]  INFO -- : 0:  polyglot (0.3.4) from /Users/ejcummins/.rvm/gems/ruby-2.0.0-p353/specifications/polyglot-0.3.4.gemspec
I, [2014-05-01T16:26:54.236286 #86178]  INFO -- : 0:  treetop (1.4.15) from /Users/ejcummins/.rvm/gems/ruby-2.0.0-p353/specifications/treetop-1.4.15.gemspec
I, [2014-05-01T16:26:54.236683 #86178]  INFO -- : 0:  mail (2.5.4) from /Users/ejcummins/.rvm/gems/ruby-2.0.0-p353/specifications/mail-2.5.4.gemspec
I, [2014-05-01T16:26:54.237084 #86178]  INFO -- : 0:  actionmailer (3.2.13) from /Users/ejcummins/.rvm/gems/ruby-2.0.0-p353/specifications/actionmailer-3.2.13.gemspec
I, [2014-05-01T16:26:54.237508 #86178]  INFO -- : 0:  arel (3.0.3) from /Users/ejcummins/.rvm/gems/ruby-2.0.0-p353/specifications/arel-3.0.3.gemspec
I, [2014-05-01T16:26:54.237934 #86178]  INFO -- : 0:  tzinfo (0.3.39) from /Users/ejcummins/.rvm/gems/ruby-2.0.0-p353/specifications/tzinfo-0.3.39.gemspec
I, [2014-05-01T16:26:54.238357 #86178]  INFO -- : 0:  activerecord (3.2.13) from /Users/ejcummins/.rvm/gems/ruby-2.0.0-p353/specifications/activerecord-3.2.13.gemspec
I, [2014-05-01T16:26:54.238772 #86178]  INFO -- : 0:  activeresource (3.2.13) from /Users/ejcummins/.rvm/gems/ruby-2.0.0-p353/specifications/activeresource-3.2.13.gemspec
I, [2014-05-01T16:26:54.239224 #86178]  INFO -- : 0:  bcrypt-ruby (3.0.1) from /Users/ejcummins/.rvm/gems/ruby-2.0.0-p353/specifications/bcrypt-ruby-3.0.1.gemspec
I, [2014-05-01T16:26:54.239618 #86178]  INFO -- : 0:  bundler (1.5.1) from /Users/ejcummins/.rvm/gems/ruby-2.0.0-p353@global/specifications/bundler-1.5.1.gemspec
I, [2014-05-01T16:26:54.240029 #86178]  INFO -- : 0:  mini_portile (0.5.3) from /Users/ejcummins/.rvm/gems/ruby-2.0.0-p353/specifications/mini_portile-0.5.3.gemspec
I, [2014-05-01T16:26:54.240454 #86178]  INFO -- : 0:  nokogiri (1.6.1) from /Users/ejcummins/.rvm/gems/ruby-2.0.0-p353/specifications/nokogiri-1.6.1.gemspec
I, [2014-05-01T16:26:54.240864 #86178]  INFO -- : 0:  xpath (2.0.0) from /Users/ejcummins/.rvm/gems/ruby-2.0.0-p353/specifications/xpath-2.0.0.gemspec
I, [2014-05-01T16:26:54.241271 #86178]  INFO -- : 0:  capybara (2.2.1) from /Users/ejcummins/.rvm/gems/ruby-2.0.0-p353/specifications/capybara-2.2.1.gemspec
I, [2014-05-01T16:26:54.241681 #86178]  INFO -- : 0:  ffi (1.9.3) from /Users/ejcummins/.rvm/gems/ruby-2.0.0-p353/specifications/ffi-1.9.3.gemspec
I, [2014-05-01T16:26:54.242095 #86178]  INFO -- : 0:  childprocess (0.5.3) from /Users/ejcummins/.rvm/gems/ruby-2.0.0-p353/specifications/childprocess-0.5.3.gemspec
I, [2014-05-01T16:26:54.242501 #86178]  INFO -- : 0:  coffee-script-source (1.7.0) from /Users/ejcummins/.rvm/gems/ruby-2.0.0-p353/specifications/coffee-script-source-1.7.0.gemspec
I, [2014-05-01T16:26:54.242909 #86178]  INFO -- : 0:  execjs (2.0.2) from /Users/ejcummins/.rvm/gems/ruby-2.0.0-p353/specifications/execjs-2.0.2.gemspec
I, [2014-05-01T16:26:54.243683 #86178]  INFO -- : 0:  coffee-script (2.2.0) from /Users/ejcummins/.rvm/gems/ruby-2.0.0-p353/specifications/coffee-script-2.2.0.gemspec
I, [2014-05-01T16:26:54.244113 #86178]  INFO -- : 0:  rack-ssl (1.3.4) from /Users/ejcummins/.rvm/gems/ruby-2.0.0-p353/specifications/rack-ssl-1.3.4.gemspec
I, [2014-05-01T16:26:54.244487 #86178]  INFO -- : 0:  json (1.8.1) from /Users/ejcummins/.rvm/gems/ruby-2.0.0-p353/specifications/json-1.8.1.gemspec
I, [2014-05-01T16:26:54.244861 #86178]  INFO -- : 0:  rdoc (3.12.2) from /Users/ejcummins/.rvm/gems/ruby-2.0.0-p353/specifications/rdoc-3.12.2.gemspec
I, [2014-05-01T16:26:54.245230 #86178]  INFO -- : 0:  thor (0.19.1) from /Users/ejcummins/.rvm/gems/ruby-2.0.0-p353/specifications/thor-0.19.1.gemspec
I, [2014-05-01T16:26:54.245604 #86178]  INFO -- : 0:  railties (3.2.13) from /Users/ejcummins/.rvm/gems/ruby-2.0.0-p353/specifications/railties-3.2.13.gemspec
I, [2014-05-01T16:26:54.245967 #86178]  INFO -- : 0:  coffee-rails (3.2.2) from /Users/ejcummins/.rvm/gems/ruby-2.0.0-p353/specifications/coffee-rails-3.2.2.gemspec
I, [2014-05-01T16:26:54.246525 #86178]  INFO -- : 0:  database_cleaner (1.2.0) from /Users/ejcummins/.rvm/gems/ruby-2.0.0-p353/specifications/database_cleaner-1.2.0.gemspec
I, [2014-05-01T16:26:54.247006 #86178]  INFO -- : 0:  diff-lcs (1.2.5) from /Users/ejcummins/.rvm/gems/ruby-2.0.0-p353/specifications/diff-lcs-1.2.5.gemspec
I, [2014-05-01T16:26:54.247437 #86178]  INFO -- : 0:  factory_girl (4.4.0) from /Users/ejcummins/.rvm/gems/ruby-2.0.0-p353/specifications/factory_girl-4.4.0.gemspec
I, [2014-05-01T16:26:54.248055 #86178]  INFO -- : 0:  factory_girl_rails (4.4.1) from /Users/ejcummins/.rvm/gems/ruby-2.0.0-p353/specifications/factory_girl_rails-4.4.1.gemspec
I, [2014-05-01T16:26:54.248616 #86178]  INFO -- : 0:  faker (1.3.0) from /Users/ejcummins/.rvm/gems/ruby-2.0.0-p353/specifications/faker-1.3.0.gemspec
I, [2014-05-01T16:26:54.249152 #86178]  INFO -- : 0:  jquery-rails (3.1.0) from /Users/ejcummins/.rvm/gems/ruby-2.0.0-p353/specifications/jquery-rails-3.1.0.gemspec
I, [2014-05-01T16:26:54.249639 #86178]  INFO -- : 0:  pg (0.17.1) from /Users/ejcummins/.rvm/gems/ruby-2.0.0-p353/specifications/pg-0.17.1.gemspec
I, [2014-05-01T16:26:54.250016 #86178]  INFO -- : 0:  rails (3.2.13) from /Users/ejcummins/.rvm/gems/ruby-2.0.0-p353/specifications/rails-3.2.13.gemspec
I, [2014-05-01T16:26:54.250462 #86178]  INFO -- : 0:  rspec-core (2.14.8) from /Users/ejcummins/.rvm/gems/ruby-2.0.0-p353/specifications/rspec-core-2.14.8.gemspec
I, [2014-05-01T16:26:54.250930 #86178]  INFO -- : 0:  rspec-expectations (2.14.5) from /Users/ejcummins/.rvm/gems/ruby-2.0.0-p353/specifications/rspec-expectations-2.14.5.gemspec
I, [2014-05-01T16:26:54.251332 #86178]  INFO -- : 0:  rspec-mocks (2.14.6) from /Users/ejcummins/.rvm/gems/ruby-2.0.0-p353/specifications/rspec-mocks-2.14.6.gemspec
I, [2014-05-01T16:26:54.264753 #86178]  INFO -- : 0:  rspec-rails (2.14.2) from /Users/ejcummins/.rvm/gems/ruby-2.0.0-p353/specifications/rspec-rails-2.14.2.gemspec
I, [2014-05-01T16:26:54.265307 #86178]  INFO -- : 0:  rubyzip (1.1.3) from /Users/ejcummins/.rvm/gems/ruby-2.0.0-p353/specifications/rubyzip-1.1.3.gemspec
I, [2014-05-01T16:26:54.265749 #86178]  INFO -- : 0:  sass (3.3.6) from /Users/ejcummins/.rvm/gems/ruby-2.0.0-p353/specifications/sass-3.3.6.gemspec
I, [2014-05-01T16:26:54.266167 #86178]  INFO -- : 0:  sass-rails (3.2.6) from /Users/ejcummins/.rvm/gems/ruby-2.0.0-p353/specifications/sass-rails-3.2.6.gemspec
I, [2014-05-01T16:26:54.266639 #86178]  INFO -- : 0:  websocket (1.0.7) from /Users/ejcummins/.rvm/gems/ruby-2.0.0-p353/specifications/websocket-1.0.7.gemspec
I, [2014-05-01T16:26:54.267081 #86178]  INFO -- : 0:  selenium-webdriver (2.41.0) from /Users/ejcummins/.rvm/gems/ruby-2.0.0-p353/specifications/selenium-webdriver-2.41.0.gemspec
I, [2014-05-01T16:26:54.267548 #86178]  INFO -- : 0:  shoulda-matchers (2.6.1) from /Users/ejcummins/.rvm/gems/ruby-2.0.0-p353/specifications/shoulda-matchers-2.6.1.gemspec
I, [2014-05-01T16:26:54.268129 #86178]  INFO -- : 0:  uglifier (2.5.0) from /Users/ejcummins/.rvm/gems/ruby-2.0.0-p353/specifications/uglifier-2.5.0.gemspec
